Arguments: 
  /opt/homebrew/Cellar/node/18.6.0/bin/node /opt/homebrew/Cellar/yarn/1.22.19/libexec/bin/yarn.js

PATH: 
  /Users/feiyang/opt/anaconda3/condabin:/opt/homebrew/opt/openssl@1.1/bin:/opt/homebrew/opt/rbenv/shims:/opt/homebrew/opt/rbenv/bin:/opt/homebrew/sbin:/opt/homebrew/bin:/opt/homebrew/bin:/Users/feiyang/Documents/apache-maven-3.8.3/bin:/usr/local/bin:/usr/bin:/bin:/usr/sbin:/sbin:/Library/Apple/usr/bin:/Users/feiyang/.cargo/bin:/Applications/Visual Studio Code.app/Contents/Resources/app/bin

Yarn version: 
  1.22.19

Node version: 
  18.6.0

Platform: 
  darwin arm64

Trace: 
  Error: https://registry.yarnpkg.com/@loopback%2fboot: ETIMEDOUT
      at Timeout._onTimeout (/opt/homebrew/Cellar/yarn/1.22.19/libexec/lib/cli.js:141550:19)
      at listOnTimeout (node:internal/timers:564:17)
      at process.processTimers (node:internal/timers:507:7)

npm manifest: 
  {
    "name": "@loopback/example-rest-crud",
    "description": "An example showing how to use @loopback/rest-crud to define default repository and controller classes",
    "version": "4.0.4",
    "keywords": [
      "loopback",
      "LoopBack",
      "example",
      "CRUD",
      "models",
      "todo"
    ],
    "license": "MIT",
    "main": "dist/index.js",
    "types": "dist/index.d.ts",
    "author": "IBM Corp. and LoopBack contributors",
    "copyright.owner": "IBM Corp. and LoopBack contributors",
    "repository": {
      "type": "git",
      "url": "https://github.com/loopbackio/loopback-next.git",
      "directory": "examples/rest-crud"
    },
    "engines": {
      "node": "14 || 16 || 17 || 18"
    },
    "scripts": {
      "build": "lb-tsc",
      "build:watch": "lb-tsc --watch",
      "clean": "lb-clean *example-rest-crud*.tgz dist *.tsbuildinfo package",
      "lint": "npm run prettier:check && npm run eslint",
      "lint:fix": "npm run eslint:fix && npm run prettier:fix",
      "prettier:cli": "lb-prettier \"**/*.ts\"",
      "prettier:check": "npm run prettier:cli -- -l",
      "prettier:fix": "npm run prettier:cli -- --write",
      "eslint": "lb-eslint --report-unused-disable-directives .",
      "eslint:fix": "npm run eslint -- --fix",
      "pretest": "npm run rebuild",
      "test": "lb-mocha \"dist/__tests__/**/*.js\"",
      "test:dev": "lb-mocha --allow-console-logs dist/__tests__/**/*.js && npm run posttest",
      "verify": "npm pack && tar xf loopback-rest-crud*.tgz && tree package && npm run clean",
      "premigrate": "npm run build ",
      "migrate": "node ./dist/migrate",
      "preopenapi-spec": "npm run build",
      "openapi-spec": "node ./dist/openapi-spec",
      "rebuild": "npm run clean && npm run build",
      "prestart": "npm run rebuild",
      "start": "node ."
    },
    "publishConfig": {
      "access": "public"
    },
    "dependencies": {
      "@loopback/boot": "^5.0.4",
      "@loopback/core": "^4.0.4",
      "@loopback/repository": "^5.0.4",
      "@loopback/rest": "^12.0.4",
      "@loopback/rest-crud": "^0.15.3",
      "@loopback/rest-explorer": "^5.0.4",
      "loopback-connector-rest": "^4.0.1",
      "tslib": "^2.4.0"
    },
    "devDependencies": {
      "@loopback/build": "^9.0.4",
      "@loopback/eslint-config": "^13.0.4",
      "@loopback/http-caching-proxy": "^4.0.4",
      "@loopback/testlab": "^5.0.4",
      "@types/lodash": "^4.14.186",
      "@types/node": "^14.18.32",
      "eslint": "^8.25.0",
      "lodash": "^4.17.21",
      "typescript": "~4.8.4"
    },
    "gitHead": "947500110c84ba77b2197b759b559c195cfce260"
  }

yarn manifest: 
  No manifest

Lockfile: 
  No lockfile
